diff -ru pytest-examples-0.0.18.orig/tests/test_run_examples.py pytest-examples-0.0.18/tests/test_run_examples.py
--- pytest-examples-0.0.18.orig/tests/test_run_examples.py	2025-12-17 08:55:32.276906875 +0100
+++ pytest-examples-0.0.18/tests/test_run_examples.py	2025-12-17 08:54:40.651736427 +0100
@@ -52,12 +52,13 @@
     result = pytester.runpytest('-p', 'no:pretty', '-v')
     result.assert_outcomes(passed=1, failed=1)
 
-    assert result.outlines[-11].startswith('_ _ _ _ ')
-    assert result.outlines[-10:-3] == [
+    assert result.outlines[-12].startswith('_ _ _ _ ')
+    assert result.outlines[-11:-3] == [
         '',
         '    a = 1',
         '    b = 2',
         '>   assert a + b == 4',
+        '           ^^^^^^^^^^',
         'E   AssertionError',
         '',
         'my_file.md:12: AssertionError',
